Using pre-set license
Built from '2021.3/staging' branch; Version is '2021.3.20f1 (577897200b8b) revision 5732503'; Using compiler version '192829333'; Build Type 'Release'
OS: 'Windows 11  (10.0.22621) 64bit Core' Language: 'en' Physical Memory: 16122 MB
BatchMode: 1, IsHumanControllingUs: 0, StartBugReporterOnCrash: 0, Is64bit: 1, IsPro: 1

COMMAND LINE ARGUMENTS:
C:\Program Files\Unity\Hub\Editor\2021.3.20f1\Editor\Unity.exe
-adb2
-batchMode
-noUpm
-name
AssetImportWorker0
-projectPath
C:/Work/Unity/Tames 1
-logFile
Logs/AssetImportWorker0.log
-srvPort
64120
Successfully changed project path to: C:/Work/Unity/Tames 1
C:/Work/Unity/Tames 1
[UnityMemory] Configuration Parameters - Can be set up in boot.config
    "memorysetup-bucket-allocator-granularity=16"
    "memorysetup-bucket-allocator-bucket-count=8"
    "memorysetup-bucket-allocator-block-size=33554432"
    "memorysetup-bucket-allocator-block-count=8"
    "memorysetup-main-allocator-block-size=16777216"
    "memorysetup-thread-allocator-block-size=16777216"
    "memorysetup-gfx-main-allocator-block-size=16777216"
    "memorysetup-gfx-thread-allocator-block-size=16777216"
    "memorysetup-cache-allocator-block-size=4194304"
    "memorysetup-typetree-allocator-block-size=2097152"
    "memorysetup-profiler-bucket-allocator-granularity=16"
    "memorysetup-profiler-bucket-allocator-bucket-count=8"
    "memorysetup-profiler-bucket-allocator-block-size=33554432"
    "memorysetup-profiler-bucket-allocator-block-count=8"
    "memorysetup-profiler-allocator-block-size=16777216"
    "memorysetup-profiler-editor-allocator-block-size=1048576"
    "memorysetup-temp-allocator-size-main=16777216"
    "memorysetup-job-temp-allocator-block-size=2097152"
    "memorysetup-job-temp-allocator-block-size-background=1048576"
    "memorysetup-job-temp-allocator-reduction-small-platforms=262144"
    "memorysetup-temp-allocator-size-background-worker=32768"
    "memorysetup-temp-allocator-size-job-worker=262144"
    "memorysetup-temp-allocator-size-preload-manager=33554432"
    "memorysetup-temp-allocator-size-nav-mesh-worker=65536"
    "memorysetup-temp-allocator-size-audio-worker=65536"
    "memorysetup-temp-allocator-size-cloud-worker=32768"
    "memorysetup-temp-allocator-size-gi-baking-worker=262144"
    "memorysetup-temp-allocator-size-gfx=262144"
Player connection [10228] Host "[IP] 10.0.9.116 [Port] 0 [Flags] 2 [Guid] 3632832493 [EditorId] 3632832493 [Version] 1048832 [Id] WindowsEditor(7,DESKTOP-TJI8N44) [Debug] 1 [PackageName] WindowsEditor [ProjectName] Editor" joined multi-casting on [225.0.0.222:54997]...

Player connection [10228] Host "[IP] 10.0.9.116 [Port] 0 [Flags] 2 [Guid] 3632832493 [EditorId] 3632832493 [Version] 1048832 [Id] WindowsEditor(7,DESKTOP-TJI8N44) [Debug] 1 [PackageName] WindowsEditor [ProjectName] Editor" joined alternative multi-casting on [225.0.0.222:34997]...

Refreshing native plugins compatible for Editor in 111.93 ms, found 8 plugins.
Preloading 0 native plugins for Editor in 0.00 ms.
Initialize engine version: 2021.3.20f1 (577897200b8b)
[Subsystems] Discovering subsystems at path C:/Program Files/Unity/Hub/Editor/2021.3.20f1/Editor/Data/Resources/UnitySubsystems
[Subsystems] Discovering subsystems at path C:/Work/Unity/Tames 1/Assets
GfxDevice: creating device client; threaded=0; jobified=0
Direct3D:
    Version:  Direct3D 11.0 [level 11.1]
    Renderer: NVIDIA GeForce RTX 3050 Laptop GPU (ID=0x25a5)
    Vendor:   NVIDIA
    VRAM:     3991 MB
    Driver:   31.0.15.1720
Initialize mono
Mono path[0] = 'C:/Program Files/Unity/Hub/Editor/2021.3.20f1/Editor/Data/Managed'
Mono path[1] = 'C:/Program Files/Unity/Hub/Editor/2021.3.20f1/Editor/Data/MonoBleedingEdge/lib/mono/unityjit-win32'
Mono config path = 'C:/Program Files/Unity/Hub/Editor/2021.3.20f1/Editor/Data/MonoBleedingEdge/etc'
Using monoOptions --debugger-agent=transport=dt_socket,embedding=1,server=y,suspend=n,address=127.0.0.1:56180
Begin MonoManager ReloadAssembly
Registering precompiled unity dll's ...
Register platform support module: C:/Program Files/Unity/Hub/Editor/2021.3.20f1/Editor/Data/PlaybackEngines/WindowsStandaloneSupport/UnityEditor.WindowsStandalone.Extensions.dll
Register platform support module: C:/Program Files/Unity/Hub/Editor/2021.3.20f1/Editor/Data/PlaybackEngines/MetroSupport/UnityEditor.UWP.Extensions.dll
Registered in 0.007211 seconds.
Native extension for UWP target not found
Native extension for WindowsStandalone target not found
Refreshing native plugins compatible for Editor in 80.07 ms, found 8 plugins.
Preloading 0 native plugins for Editor in 0.00 ms.
Mono: successfully reloaded assembly
- Completed reload, in  0.621 seconds
Domain Reload Profiling:
	ReloadAssembly (622ms)
		BeginReloadAssembly (87ms)
			ExecutionOrderSort (0ms)
			DisableScriptedObjects (0ms)
			BackupInstance (0ms)
			ReleaseScriptingObjects (0ms)
			CreateAndSetChildDomain (1ms)
		EndReloadAssembly (441ms)
			LoadAssemblies (85ms)
			RebuildTransferFunctionScriptingTraits (0ms)
			SetupTypeCache (95ms)
			ReleaseScriptCaches (0ms)
			RebuildScriptCaches (24ms)
			SetupLoadedEditorAssemblies (269ms)
				LogAssemblyErrors (0ms)
				InitializePlatformSupportModulesInManaged (8ms)
				SetLoadedEditorAssemblies (0ms)
				RefreshPlugins (80ms)
				BeforeProcessingInitializeOnLoad (1ms)
				ProcessInitializeOnLoadAttributes (135ms)
				ProcessInitializeOnLoadMethodAttributes (44ms)
				AfterProcessingInitializeOnLoad (0ms)
				EditorAssembliesLoaded (0ms)
			ExecutionOrderSort2 (0ms)
			AwakeInstancesAfterBackupRestoration (0ms)
Platform modules already initialized, skipping
Registering precompiled user dll's ...
Registered in 0.008614 seconds.
Begin MonoManager ReloadAssembly
Native extension for UWP target not found
Native extension for WindowsStandalone target not found
Refreshing native plugins compatible for Editor in 90.52 ms, found 8 plugins.
Preloading 0 native plugins for Editor in 0.00 ms.
Package Manager log level set to [2]
Mono: successfully reloaded assembly
- Completed reload, in  1.589 seconds
Domain Reload Profiling:
	ReloadAssembly (1590ms)
		BeginReloadAssembly (118ms)
			ExecutionOrderSort (0ms)
			DisableScriptedObjects (5ms)
			BackupInstance (0ms)
			ReleaseScriptingObjects (0ms)
			CreateAndSetChildDomain (19ms)
		EndReloadAssembly (1363ms)
			LoadAssemblies (112ms)
			RebuildTransferFunctionScriptingTraits (0ms)
			SetupTypeCache (330ms)
			ReleaseScriptCaches (1ms)
			RebuildScriptCaches (102ms)
			SetupLoadedEditorAssemblies (767ms)
				LogAssemblyErrors (0ms)
				InitializePlatformSupportModulesInManaged (6ms)
				SetLoadedEditorAssemblies (0ms)
				RefreshPlugins (91ms)
				BeforeProcessingInitializeOnLoad (108ms)
				ProcessInitializeOnLoadAttributes (327ms)
				ProcessInitializeOnLoadMethodAttributes (223ms)
				AfterProcessingInitializeOnLoad (13ms)
				EditorAssembliesLoaded (0ms)
			ExecutionOrderSort2 (0ms)
			AwakeInstancesAfterBackupRestoration (8ms)
Platform modules already initialized, skipping
========================================================================
Worker process is ready to serve import requests
Launched and connected shader compiler UnityShaderCompiler.exe after 0.07 seconds
Refreshing native plugins compatible for Editor in 1.60 ms, found 8 plugins.
Preloading 0 native plugins for Editor in 0.00 ms.
Unloading 5173 Unused Serialized files (Serialized files now loaded: 0)
Unloading 73 unused Assets / (3.8 MB). Loaded Objects now: 5606.
Memory consumption went from 267.6 MB to 263.8 MB.
Total: 6.088200 ms (FindLiveObjects: 0.460300 ms CreateObjectMapping: 0.297400 ms MarkObjects: 4.397200 ms  DeleteObjects: 0.931200 ms)

AssetImportParameters requested are different than current active one (requested -> active):
  custom:video-decoder-ogg-theora: a1e56fd34408186e4bbccfd4996cb3dc -> 
  custom:container-muxer-webm: aa71ff27fc2769a1b78a27578f13a17b -> 
  custom:container-demuxer-webm: 4f35f7cbe854078d1ac9338744f61a02 -> 
  custom:video-encoder-webm-vp8: eb34c28f22e8b96e1ab97ce403110664 -> 
  custom:audio-encoder-webm-vorbis: bf7c407c2cedff20999df2af8eb42d56 -> 
  custom:framework-win-MediaFoundation: 216162199b28c13a410421893ffa2e32 -> 
  custom:container-demuxer-ogg: 62fdf1f143b41e24485cea50d1cbac27 -> 
  custom:video-decoder-webm-vp8: 9c59270c3fd7afecdb556c50c9e8de78 -> 
  custom:audio-decoder-ogg-vorbis: bf7c407c2cedff20999df2af8eb42d56 -> 
========================================================================
Received Import Request.
  Time since last request: 772942.695104 seconds.
  path: Assets/Material/tram.mat
  artifactKey: Guid(43fbda8135cab17448a6ba69934468f5) Importer(815301076,1909f56bfc062723c751e8b465ee728b)
Start importing Assets/Material/tram.mat using Guid(43fbda8135cab17448a6ba69934468f5) Importer(815301076,1909f56bfc062723c751e8b465ee728b)  -> (artifact id: 'c264000a276a054a6da12dde059fc10e') in 1.006459 seconds 
========================================================================
Received Import Request.
  Time since last request: 0.000061 seconds.
  path: Assets/Material/screen1.mat
  artifactKey: Guid(d95ee3560369b584ebb1c6da9945b902) Importer(815301076,1909f56bfc062723c751e8b465ee728b)
Start importing Assets/Material/screen1.mat using Guid(d95ee3560369b584ebb1c6da9945b902) Importer(815301076,1909f56bfc062723c751e8b465ee728b)  -> (artifact id: 'e16f69cc193b3906089baa9d01e88710') in 0.023839 seconds 
========================================================================
Received Import Request.
  Time since last request: 0.000052 seconds.
  path: Assets/Model/coffee.blend
  artifactKey: Guid(bd97cb1229e7a48469b987b56329ed3a) Importer(815301076,1909f56bfc062723c751e8b465ee728b)
Start importing Assets/Model/coffee.blend using Guid(bd97cb1229e7a48469b987b56329ed3a) Importer(815301076,1909f56bfc062723c751e8b465ee728b)  -> (artifact id: 'e9196a25e5b0ee10a3cece6d14ae2101') in 0.193278 seconds 
========================================================================
Received Import Request.
  Time since last request: 0.000034 seconds.
  path: Assets/Material/rotar 2.mat
  artifactKey: Guid(bc4d24038d54e8145ae978259bf74e0b) Importer(815301076,1909f56bfc062723c751e8b465ee728b)
Start importing Assets/Material/rotar 2.mat using Guid(bc4d24038d54e8145ae978259bf74e0b) Importer(815301076,1909f56bfc062723c751e8b465ee728b)  -> (artifact id: '0c2a159b04f8eb2c1754893825c77bf9') in 0.017352 seconds 
========================================================================
Received Import Request.
  Time since last request: 0.000038 seconds.
  path: Assets/Model/splight.blend
  artifactKey: Guid(18528ae5a3363f040ae2fdf9d308ad18) Importer(815301076,1909f56bfc062723c751e8b465ee728b)
Start importing Assets/Model/splight.blend using Guid(18528ae5a3363f040ae2fdf9d308ad18) Importer(815301076,1909f56bfc062723c751e8b465ee728b)  -> (artifact id: 'e68df5476ce20f57f25528457f140752') in 0.071332 seconds 
========================================================================
Received Import Request.
  Time since last request: 0.000050 seconds.
  path: Assets/Model/slidescreen.blend
  artifactKey: Guid(c24c312afcd775a41977523d74a535e4) Importer(815301076,1909f56bfc062723c751e8b465ee728b)
Start importing Assets/Model/slidescreen.blend using Guid(c24c312afcd775a41977523d74a535e4) Importer(815301076,1909f56bfc062723c751e8b465ee728b)  -> (artifact id: 'e6e1e0bcb875088b944004ba00915b9a') in 0.082022 seconds 
========================================================================
Received Import Request.
  Time since last request: 0.000042 seconds.
  path: Assets/Material/grassm.mat
  artifactKey: Guid(c7305624c03941f42b876922ea2b9c16) Importer(815301076,1909f56bfc062723c751e8b465ee728b)
Start importing Assets/Material/grassm.mat using Guid(c7305624c03941f42b876922ea2b9c16) Importer(815301076,1909f56bfc062723c751e8b465ee728b)  -> (artifact id: '9fc4a35a816a8a5e59e2ec417741a458') in 0.015415 seconds 
========================================================================
Received Import Request.
  Time since last request: 0.000167 seconds.
  path: Assets/Material/slot.mat
  artifactKey: Guid(e8e89c567b4869f458d033d804bb4da0) Importer(815301076,1909f56bfc062723c751e8b465ee728b)
Start importing Assets/Material/slot.mat using Guid(e8e89c567b4869f458d033d804bb4da0) Importer(815301076,1909f56bfc062723c751e8b465ee728b)  -> (artifact id: '53e25a166779f822fb4fe9c25778a454') in 0.018252 seconds 
========================================================================
Received Import Request.
  Time since last request: 0.000037 seconds.
  path: Assets/Material/screen mat 1.mat
  artifactKey: Guid(21f5af8c0dd2bda4586423b9c74332db) Importer(815301076,1909f56bfc062723c751e8b465ee728b)
Start importing Assets/Material/screen mat 1.mat using Guid(21f5af8c0dd2bda4586423b9c74332db) Importer(815301076,1909f56bfc062723c751e8b465ee728b)  -> (artifact id: 'a93177444dab3190be6e5955767fbcd1') in 0.023552 seconds 
========================================================================
Received Import Request.
  Time since last request: 0.000044 seconds.
  path: Assets/Model/sushi-test.blend
  artifactKey: Guid(236b489af8945fb4b980dfd9cc9d8b20) Importer(815301076,1909f56bfc062723c751e8b465ee728b)
Start importing Assets/Model/sushi-test.blend using Guid(236b489af8945fb4b980dfd9cc9d8b20) Importer(815301076,1909f56bfc062723c751e8b465ee728b)  -> (artifact id: '9d55f4dbd0f531e027ba18ef9fbe1ec5') in 0.320992 seconds 
========================================================================
Received Import Request.
  Time since last request: 0.000034 seconds.
  path: Assets/Material/rotar 4.mat
  artifactKey: Guid(9de243e95aef41644a659fc7d3664d37) Importer(815301076,1909f56bfc062723c751e8b465ee728b)
Start importing Assets/Material/rotar 4.mat using Guid(9de243e95aef41644a659fc7d3664d37) Importer(815301076,1909f56bfc062723c751e8b465ee728b)  -> (artifact id: '507e9d3039c5f0a23a7c5bce9eda4c0a') in 0.015879 seconds 
========================================================================
Received Import Request.
  Time since last request: 0.000045 seconds.
  path: Assets/Model/monet.blend
  artifactKey: Guid(7c1cecd3bc0fab641b901c9955c8b006) Importer(815301076,1909f56bfc062723c751e8b465ee728b)
Start importing Assets/Model/monet.blend using Guid(7c1cecd3bc0fab641b901c9955c8b006) Importer(815301076,1909f56bfc062723c751e8b465ee728b)  -> (artifact id: 'e4048cd849660faa6c4a4da0fc85e472') in 0.534367 seconds 
========================================================================
Received Import Request.
  Time since last request: 0.000046 seconds.
  path: Assets/Material/wood shelf.mat
  artifactKey: Guid(7492f5690458d6342aa70a6497354c70) Importer(815301076,1909f56bfc062723c751e8b465ee728b)
Start importing Assets/Material/wood shelf.mat using Guid(7492f5690458d6342aa70a6497354c70) Importer(815301076,1909f56bfc062723c751e8b465ee728b)  -> (artifact id: 'cec3a4c8ad80e18cf7e31d7cdbd7b9ba') in 0.016771 seconds 
========================================================================
Received Import Request.
  Time since last request: 0.000044 seconds.
  path: Assets/Model/discolight.blend
  artifactKey: Guid(86481545f12370744beaffe5f78f6ad6) Importer(815301076,1909f56bfc062723c751e8b465ee728b)
Start importing Assets/Model/discolight.blend using Guid(86481545f12370744beaffe5f78f6ad6) Importer(815301076,1909f56bfc062723c751e8b465ee728b)  -> (artifact id: '601cce97b435c24ea6f9bf704cb6ddff') in 0.033167 seconds 
