Using pre-set license
Built from '2021.3/staging' branch; Version is '2021.3.20f1 (577897200b8b) revision 5732503'; Using compiler version '192829333'; Build Type 'Release'
OS: 'Windows 11  (10.0.22621) 64bit Core' Language: 'en' Physical Memory: 16122 MB
BatchMode: 1, IsHumanControllingUs: 0, StartBugReporterOnCrash: 0, Is64bit: 1, IsPro: 1

COMMAND LINE ARGUMENTS:
C:\Program Files\Unity\Hub\Editor\2021.3.20f1\Editor\Unity.exe
-adb2
-batchMode
-noUpm
-name
AssetImportWorker1
-projectPath
C:/Work/Unity/MIP-Pre
-logFile
Logs/AssetImportWorker1.log
-srvPort
55846
Successfully changed project path to: C:/Work/Unity/MIP-Pre
C:/Work/Unity/MIP-Pre
[UnityMemory] Configuration Parameters - Can be set up in boot.config
    "memorysetup-bucket-allocator-granularity=16"
    "memorysetup-bucket-allocator-bucket-count=8"
    "memorysetup-bucket-allocator-block-size=33554432"
    "memorysetup-bucket-allocator-block-count=8"
    "memorysetup-main-allocator-block-size=16777216"
    "memorysetup-thread-allocator-block-size=16777216"
    "memorysetup-gfx-main-allocator-block-size=16777216"
    "memorysetup-gfx-thread-allocator-block-size=16777216"
    "memorysetup-cache-allocator-block-size=4194304"
    "memorysetup-typetree-allocator-block-size=2097152"
    "memorysetup-profiler-bucket-allocator-granularity=16"
    "memorysetup-profiler-bucket-allocator-bucket-count=8"
    "memorysetup-profiler-bucket-allocator-block-size=33554432"
    "memorysetup-profiler-bucket-allocator-block-count=8"
    "memorysetup-profiler-allocator-block-size=16777216"
    "memorysetup-profiler-editor-allocator-block-size=1048576"
    "memorysetup-temp-allocator-size-main=16777216"
    "memorysetup-job-temp-allocator-block-size=2097152"
    "memorysetup-job-temp-allocator-block-size-background=1048576"
    "memorysetup-job-temp-allocator-reduction-small-platforms=262144"
    "memorysetup-temp-allocator-size-background-worker=32768"
    "memorysetup-temp-allocator-size-job-worker=262144"
    "memorysetup-temp-allocator-size-preload-manager=33554432"
    "memorysetup-temp-allocator-size-nav-mesh-worker=65536"
    "memorysetup-temp-allocator-size-audio-worker=65536"
    "memorysetup-temp-allocator-size-cloud-worker=32768"
    "memorysetup-temp-allocator-size-gi-baking-worker=262144"
    "memorysetup-temp-allocator-size-gfx=262144"
Player connection [6920] Host "[IP] 10.0.9.56 [Port] 0 [Flags] 2 [Guid] 4002624013 [EditorId] 4002624013 [Version] 1048832 [Id] WindowsEditor(7,DESKTOP-TJI8N44) [Debug] 1 [PackageName] WindowsEditor [ProjectName] Editor" joined multi-casting on [225.0.0.222:54997]...

Player connection [6920] Host "[IP] 10.0.9.56 [Port] 0 [Flags] 2 [Guid] 4002624013 [EditorId] 4002624013 [Version] 1048832 [Id] WindowsEditor(7,DESKTOP-TJI8N44) [Debug] 1 [PackageName] WindowsEditor [ProjectName] Editor" joined alternative multi-casting on [225.0.0.222:34997]...

Refreshing native plugins compatible for Editor in 98.06 ms, found 8 plugins.
Preloading 0 native plugins for Editor in 0.00 ms.
Initialize engine version: 2021.3.20f1 (577897200b8b)
[Subsystems] Discovering subsystems at path C:/Program Files/Unity/Hub/Editor/2021.3.20f1/Editor/Data/Resources/UnitySubsystems
[Subsystems] Discovering subsystems at path C:/Work/Unity/MIP-Pre/Assets
GfxDevice: creating device client; threaded=0; jobified=0
Direct3D:
    Version:  Direct3D 11.0 [level 11.1]
    Renderer: NVIDIA GeForce RTX 3050 Laptop GPU (ID=0x25a5)
    Vendor:   NVIDIA
    VRAM:     3991 MB
    Driver:   31.0.15.1720
Initialize mono
Mono path[0] = 'C:/Program Files/Unity/Hub/Editor/2021.3.20f1/Editor/Data/Managed'
Mono path[1] = 'C:/Program Files/Unity/Hub/Editor/2021.3.20f1/Editor/Data/MonoBleedingEdge/lib/mono/unityjit-win32'
Mono config path = 'C:/Program Files/Unity/Hub/Editor/2021.3.20f1/Editor/Data/MonoBleedingEdge/etc'
Using monoOptions --debugger-agent=transport=dt_socket,embedding=1,server=y,suspend=n,address=127.0.0.1:56928
Begin MonoManager ReloadAssembly
Registering precompiled unity dll's ...
Register platform support module: C:/Program Files/Unity/Hub/Editor/2021.3.20f1/Editor/Data/PlaybackEngines/WindowsStandaloneSupport/UnityEditor.WindowsStandalone.Extensions.dll
Registered in 0.005714 seconds.
Native extension for WindowsStandalone target not found
Refreshing native plugins compatible for Editor in 74.60 ms, found 8 plugins.
Preloading 0 native plugins for Editor in 0.00 ms.
Mono: successfully reloaded assembly
- Completed reload, in  0.620 seconds
Domain Reload Profiling:
	ReloadAssembly (621ms)
		BeginReloadAssembly (83ms)
			ExecutionOrderSort (0ms)
			DisableScriptedObjects (0ms)
			BackupInstance (0ms)
			ReleaseScriptingObjects (0ms)
			CreateAndSetChildDomain (1ms)
		EndReloadAssembly (446ms)
			LoadAssemblies (80ms)
			RebuildTransferFunctionScriptingTraits (0ms)
			SetupTypeCache (104ms)
			ReleaseScriptCaches (0ms)
			RebuildScriptCaches (27ms)
			SetupLoadedEditorAssemblies (262ms)
				LogAssemblyErrors (0ms)
				InitializePlatformSupportModulesInManaged (7ms)
				SetLoadedEditorAssemblies (0ms)
				RefreshPlugins (75ms)
				BeforeProcessingInitializeOnLoad (1ms)
				ProcessInitializeOnLoadAttributes (135ms)
				ProcessInitializeOnLoadMethodAttributes (44ms)
				AfterProcessingInitializeOnLoad (0ms)
				EditorAssembliesLoaded (0ms)
			ExecutionOrderSort2 (0ms)
			AwakeInstancesAfterBackupRestoration (0ms)
Platform modules already initialized, skipping
Registering precompiled user dll's ...
Registered in 0.009620 seconds.
Begin MonoManager ReloadAssembly
Native extension for WindowsStandalone target not found
Refreshing native plugins compatible for Editor in 99.28 ms, found 8 plugins.
Preloading 0 native plugins for Editor in 0.00 ms.
Package Manager log level set to [2]
Mono: successfully reloaded assembly
- Completed reload, in  1.425 seconds
Domain Reload Profiling:
	ReloadAssembly (1426ms)
		BeginReloadAssembly (101ms)
			ExecutionOrderSort (0ms)
			DisableScriptedObjects (4ms)
			BackupInstance (0ms)
			ReleaseScriptingObjects (0ms)
			CreateAndSetChildDomain (17ms)
		EndReloadAssembly (1229ms)
			LoadAssemblies (89ms)
			RebuildTransferFunctionScriptingTraits (0ms)
			SetupTypeCache (270ms)
			ReleaseScriptCaches (1ms)
			RebuildScriptCaches (77ms)
			SetupLoadedEditorAssemblies (745ms)
				LogAssemblyErrors (0ms)
				InitializePlatformSupportModulesInManaged (4ms)
				SetLoadedEditorAssemblies (0ms)
				RefreshPlugins (99ms)
				BeforeProcessingInitializeOnLoad (121ms)
				ProcessInitializeOnLoadAttributes (309ms)
				ProcessInitializeOnLoadMethodAttributes (205ms)
				AfterProcessingInitializeOnLoad (7ms)
				EditorAssembliesLoaded (0ms)
			ExecutionOrderSort2 (0ms)
			AwakeInstancesAfterBackupRestoration (5ms)
Platform modules already initialized, skipping
========================================================================
Worker process is ready to serve import requests
Launched and connected shader compiler UnityShaderCompiler.exe after 0.06 seconds
Refreshing native plugins compatible for Editor in 1.55 ms, found 8 plugins.
Preloading 0 native plugins for Editor in 0.00 ms.
Unloading 5178 Unused Serialized files (Serialized files now loaded: 0)
Unloading 73 unused Assets / (3.9 MB). Loaded Objects now: 5614.
Memory consumption went from 268.9 MB to 265.0 MB.
Total: 5.051900 ms (FindLiveObjects: 0.660100 ms CreateObjectMapping: 0.425700 ms MarkObjects: 2.932600 ms  DeleteObjects: 1.031500 ms)

AssetImportParameters requested are different than current active one (requested -> active):
  custom:video-decoder-ogg-theora: a1e56fd34408186e4bbccfd4996cb3dc -> 
  custom:container-muxer-webm: aa71ff27fc2769a1b78a27578f13a17b -> 
  custom:container-demuxer-webm: 4f35f7cbe854078d1ac9338744f61a02 -> 
  custom:video-encoder-webm-vp8: eb34c28f22e8b96e1ab97ce403110664 -> 
  custom:audio-encoder-webm-vorbis: bf7c407c2cedff20999df2af8eb42d56 -> 
  custom:framework-win-MediaFoundation: 216162199b28c13a410421893ffa2e32 -> 
  custom:container-demuxer-ogg: 62fdf1f143b41e24485cea50d1cbac27 -> 
  custom:video-decoder-webm-vp8: 9c59270c3fd7afecdb556c50c9e8de78 -> 
  custom:audio-decoder-ogg-vorbis: bf7c407c2cedff20999df2af8eb42d56 -> 
========================================================================
Received Import Request.
  Time since last request: 172702.396166 seconds.
  path: Assets/Material/extracted/glass lift.mat
  artifactKey: Guid(ec8789ddff672dc41a4505a9324d1906) Importer(815301076,1909f56bfc062723c751e8b465ee728b)
Start importing Assets/Material/extracted/glass lift.mat using Guid(ec8789ddff672dc41a4505a9324d1906) Importer(815301076,1909f56bfc062723c751e8b465ee728b)  -> (artifact id: '94db4343967c8c2877cbfb02580af47b') in 0.823784 seconds 
========================================================================
Received Import Request.
  Time since last request: 0.000058 seconds.
  path: Assets/Material/train face.mat
  artifactKey: Guid(149f65f9180ee084a9bbaeb9dcf89f75) Importer(815301076,1909f56bfc062723c751e8b465ee728b)
Start importing Assets/Material/train face.mat using Guid(149f65f9180ee084a9bbaeb9dcf89f75) Importer(815301076,1909f56bfc062723c751e8b465ee728b)  -> (artifact id: '62bc485cff66fbed2652f97ef7ea070d') in 0.021248 seconds 
========================================================================
Received Import Request.
  Time since last request: 0.000062 seconds.
  path: Assets/Material/extracted/-frame.mat
  artifactKey: Guid(9ef0e83bf72d19c44aaa455b94bb1207) Importer(815301076,1909f56bfc062723c751e8b465ee728b)
Start importing Assets/Material/extracted/-frame.mat using Guid(9ef0e83bf72d19c44aaa455b94bb1207) Importer(815301076,1909f56bfc062723c751e8b465ee728b)  -> (artifact id: 'a6f1b5e9c99111dcb50ac1822cdf388b') in 0.019968 seconds 
========================================================================
Received Import Request.
  Time since last request: 0.000031 seconds.
  path: Assets/Material/extracted/-lift-button.mat
  artifactKey: Guid(fd2800266b8df904abf0612dcbcb6868) Importer(815301076,1909f56bfc062723c751e8b465ee728b)
Start importing Assets/Material/extracted/-lift-button.mat using Guid(fd2800266b8df904abf0612dcbcb6868) Importer(815301076,1909f56bfc062723c751e8b465ee728b)  -> (artifact id: '3e6a9514dd612b8058a243e4b4a9cdcf') in 0.019487 seconds 
========================================================================
Received Import Request.
  Time since last request: 141.737396 seconds.
  path: Assets/Material/screens/rightMat.mat
  artifactKey: Guid(53cc954dfe4959343a24686a973aed90) Importer(815301076,1909f56bfc062723c751e8b465ee728b)
Start importing Assets/Material/screens/rightMat.mat using Guid(53cc954dfe4959343a24686a973aed90) Importer(815301076,1909f56bfc062723c751e8b465ee728b)  -> (artifact id: '1121709f01efcca7dd7383c4ded54528') in 0.038733 seconds 
========================================================================
Received Import Request.
  Time since last request: 11.852123 seconds.
  path: Assets/Material/screens/leftMat.mat
  artifactKey: Guid(7fa2e0a128bfd7342aea708fe2c0884b) Importer(815301076,1909f56bfc062723c751e8b465ee728b)
Start importing Assets/Material/screens/leftMat.mat using Guid(7fa2e0a128bfd7342aea708fe2c0884b) Importer(815301076,1909f56bfc062723c751e8b465ee728b)  -> (artifact id: '5e33e7eb69275dda6be0d2394fbfb7ec') in 0.036051 seconds 
========================================================================
Received Import Request.
  Time since last request: 90.576965 seconds.
  path: Assets/Model/ceilinglight.blend
  artifactKey: Guid(18efe9a07c802b64ab8ed2be8eee0a13) Importer(815301076,1909f56bfc062723c751e8b465ee728b)
Start importing Assets/Model/ceilinglight.blend using Guid(18efe9a07c802b64ab8ed2be8eee0a13) Importer(815301076,1909f56bfc062723c751e8b465ee728b)  -> (artifact id: 'b432a8bedda7ee926f7963dbed2ec245') in 0.101139 seconds 
========================================================================
Received Import Request.
  Time since last request: 0.000040 seconds.
  path: Assets/Model/coffee.blend
  artifactKey: Guid(bd97cb1229e7a48469b987b56329ed3a) Importer(815301076,1909f56bfc062723c751e8b465ee728b)
Start importing Assets/Model/coffee.blend using Guid(bd97cb1229e7a48469b987b56329ed3a) Importer(815301076,1909f56bfc062723c751e8b465ee728b)  -> (artifact id: '5085f86ed8d46f13bdd66e13b5d65590') in 0.135700 seconds 
========================================================================
Received Import Request.
  Time since last request: 0.000052 seconds.
  path: Assets/Model/rotator.blend
  artifactKey: Guid(3b5f6c5ea2bc9fb4fae7ffc63f725a12) Importer(815301076,1909f56bfc062723c751e8b465ee728b)
Start importing Assets/Model/rotator.blend using Guid(3b5f6c5ea2bc9fb4fae7ffc63f725a12) Importer(815301076,1909f56bfc062723c751e8b465ee728b)  -> (artifact id: '7e26f492f37f8aabc908378bfe68dd4e') in 0.131725 seconds 
========================================================================
Received Import Request.
  Time since last request: 0.000034 seconds.
  path: Assets/Model/snake.blend
  artifactKey: Guid(def1cda459e971b40a6ba1c35f1330c9) Importer(815301076,1909f56bfc062723c751e8b465ee728b)
Start importing Assets/Model/snake.blend using Guid(def1cda459e971b40a6ba1c35f1330c9) Importer(815301076,1909f56bfc062723c751e8b465ee728b)  -> (artifact id: '089358dcfd50dac644ac38d6644ed86f') in 0.209204 seconds 
========================================================================
Received Import Request.
  Time since last request: 0.000052 seconds.
  path: Assets/Model/discolight.blend
  artifactKey: Guid(86481545f12370744beaffe5f78f6ad6) Importer(815301076,1909f56bfc062723c751e8b465ee728b)
Start importing Assets/Model/discolight.blend using Guid(86481545f12370744beaffe5f78f6ad6) Importer(815301076,1909f56bfc062723c751e8b465ee728b)  -> (artifact id: '557e69a08ee37411d838aa4522f9992d') in 0.040736 seconds 
========================================================================
Received Prepare
Registering precompiled user dll's ...
Registered in 0.006774 seconds.
Begin MonoManager ReloadAssembly
Native extension for WindowsStandalone target not found
Refreshing native plugins compatible for Editor in 0.95 ms, found 8 plugins.
Preloading 0 native plugins for Editor in 0.00 ms.
Mono: successfully reloaded assembly
- Completed reload, in  1.265 seconds
Domain Reload Profiling:
	ReloadAssembly (1266ms)
		BeginReloadAssembly (204ms)
			ExecutionOrderSort (0ms)
			DisableScriptedObjects (28ms)
			BackupInstance (0ms)
			ReleaseScriptingObjects (0ms)
			CreateAndSetChildDomain (56ms)
		EndReloadAssembly (969ms)
			LoadAssemblies (104ms)
			RebuildTransferFunctionScriptingTraits (0ms)
			SetupTypeCache (248ms)
			ReleaseScriptCaches (2ms)
			RebuildScriptCaches (60ms)
			SetupLoadedEditorAssemblies (439ms)
				LogAssemblyErrors (0ms)
				InitializePlatformSupportModulesInManaged (5ms)
				SetLoadedEditorAssemblies (0ms)
				RefreshPlugins (1ms)
				BeforeProcessingInitializeOnLoad (82ms)
				ProcessInitializeOnLoadAttributes (316ms)
				ProcessInitializeOnLoadMethodAttributes (27ms)
				AfterProcessingInitializeOnLoad (7ms)
				EditorAssembliesLoaded (0ms)
			ExecutionOrderSort2 (0ms)
			AwakeInstancesAfterBackupRestoration (37ms)
Platform modules already initialized, skipping
Refreshing native plugins compatible for Editor in 9.03 ms, found 8 plugins.
Preloading 0 native plugins for Editor in 0.00 ms.
Unloading 4862 Unused Serialized files (Serialized files now loaded: 0)
Unloading 63 unused Assets / (3.8 MB). Loaded Objects now: 5771.
Memory consumption went from 272.1 MB to 268.3 MB.
Total: 9.325400 ms (FindLiveObjects: 0.650900 ms CreateObjectMapping: 0.744600 ms MarkObjects: 5.800800 ms  DeleteObjects: 2.125800 ms)

AssetImportParameters requested are different than current active one (requested -> active):
  custom:video-decoder-ogg-theora: a1e56fd34408186e4bbccfd4996cb3dc -> 
  custom:container-muxer-webm: aa71ff27fc2769a1b78a27578f13a17b -> 
  custom:container-demuxer-webm: 4f35f7cbe854078d1ac9338744f61a02 -> 
  custom:video-encoder-webm-vp8: eb34c28f22e8b96e1ab97ce403110664 -> 
  custom:audio-encoder-webm-vorbis: bf7c407c2cedff20999df2af8eb42d56 -> 
  custom:framework-win-MediaFoundation: 216162199b28c13a410421893ffa2e32 -> 
  custom:container-demuxer-ogg: 62fdf1f143b41e24485cea50d1cbac27 -> 
  custom:video-decoder-webm-vp8: 9c59270c3fd7afecdb556c50c9e8de78 -> 
  custom:audio-decoder-ogg-vorbis: bf7c407c2cedff20999df2af8eb42d56 -> 
Editor requested this worker to shutdown with reason: Scaling down because of idle timeout
AssetImportWorker is now disconnected from the server
Process exiting
Exiting without the bug reporter. Application will terminate with return code 0