Using pre-set license
Built from '2021.3/staging' branch; Version is '2021.3.20f1 (577897200b8b) revision 5732503'; Using compiler version '192829333'; Build Type 'Release'
OS: 'Windows 11  (10.0.22621) 64bit Core' Language: 'en' Physical Memory: 16122 MB
BatchMode: 1, IsHumanControllingUs: 0, StartBugReporterOnCrash: 0, Is64bit: 1, IsPro: 1

COMMAND LINE ARGUMENTS:
C:\Program Files\Unity\Hub\Editor\2021.3.20f1\Editor\Unity.exe
-adb2
-batchMode
-noUpm
-name
AssetImportWorker2
-projectPath
C:/Work/Unity/Tames 1
-logFile
Logs/AssetImportWorker2.log
-srvPort
61071
Successfully changed project path to: C:/Work/Unity/Tames 1
C:/Work/Unity/Tames 1
[UnityMemory] Configuration Parameters - Can be set up in boot.config
    "memorysetup-bucket-allocator-granularity=16"
    "memorysetup-bucket-allocator-bucket-count=8"
    "memorysetup-bucket-allocator-block-size=33554432"
    "memorysetup-bucket-allocator-block-count=8"
    "memorysetup-main-allocator-block-size=16777216"
    "memorysetup-thread-allocator-block-size=16777216"
    "memorysetup-gfx-main-allocator-block-size=16777216"
    "memorysetup-gfx-thread-allocator-block-size=16777216"
    "memorysetup-cache-allocator-block-size=4194304"
    "memorysetup-typetree-allocator-block-size=2097152"
    "memorysetup-profiler-bucket-allocator-granularity=16"
    "memorysetup-profiler-bucket-allocator-bucket-count=8"
    "memorysetup-profiler-bucket-allocator-block-size=33554432"
    "memorysetup-profiler-bucket-allocator-block-count=8"
    "memorysetup-profiler-allocator-block-size=16777216"
    "memorysetup-profiler-editor-allocator-block-size=1048576"
    "memorysetup-temp-allocator-size-main=16777216"
    "memorysetup-job-temp-allocator-block-size=2097152"
    "memorysetup-job-temp-allocator-block-size-background=1048576"
    "memorysetup-job-temp-allocator-reduction-small-platforms=262144"
    "memorysetup-temp-allocator-size-background-worker=32768"
    "memorysetup-temp-allocator-size-job-worker=262144"
    "memorysetup-temp-allocator-size-preload-manager=33554432"
    "memorysetup-temp-allocator-size-nav-mesh-worker=65536"
    "memorysetup-temp-allocator-size-audio-worker=65536"
    "memorysetup-temp-allocator-size-cloud-worker=32768"
    "memorysetup-temp-allocator-size-gi-baking-worker=262144"
    "memorysetup-temp-allocator-size-gfx=262144"
Player connection [16676] Host "[IP] 10.0.9.116 [Port] 0 [Flags] 2 [Guid] 3011868405 [EditorId] 3011868405 [Version] 1048832 [Id] WindowsEditor(7,DESKTOP-TJI8N44) [Debug] 1 [PackageName] WindowsEditor [ProjectName] Editor" joined multi-casting on [225.0.0.222:54997]...

Player connection [16676] Host "[IP] 10.0.9.116 [Port] 0 [Flags] 2 [Guid] 3011868405 [EditorId] 3011868405 [Version] 1048832 [Id] WindowsEditor(7,DESKTOP-TJI8N44) [Debug] 1 [PackageName] WindowsEditor [ProjectName] Editor" joined alternative multi-casting on [225.0.0.222:34997]...

Refreshing native plugins compatible for Editor in 90.14 ms, found 8 plugins.
Preloading 0 native plugins for Editor in 0.00 ms.
Initialize engine version: 2021.3.20f1 (577897200b8b)
[Subsystems] Discovering subsystems at path C:/Program Files/Unity/Hub/Editor/2021.3.20f1/Editor/Data/Resources/UnitySubsystems
[Subsystems] Discovering subsystems at path C:/Work/Unity/Tames 1/Assets
GfxDevice: creating device client; threaded=0; jobified=0
Direct3D:
    Version:  Direct3D 11.0 [level 11.1]
    Renderer: NVIDIA GeForce RTX 3050 Laptop GPU (ID=0x25a5)
    Vendor:   NVIDIA
    VRAM:     3991 MB
    Driver:   31.0.15.1720
Initialize mono
Mono path[0] = 'C:/Program Files/Unity/Hub/Editor/2021.3.20f1/Editor/Data/Managed'
Mono path[1] = 'C:/Program Files/Unity/Hub/Editor/2021.3.20f1/Editor/Data/MonoBleedingEdge/lib/mono/unityjit-win32'
Mono config path = 'C:/Program Files/Unity/Hub/Editor/2021.3.20f1/Editor/Data/MonoBleedingEdge/etc'
Using monoOptions --debugger-agent=transport=dt_socket,embedding=1,server=y,suspend=n,address=127.0.0.1:56872
Begin MonoManager ReloadAssembly
Registering precompiled unity dll's ...
Register platform support module: C:/Program Files/Unity/Hub/Editor/2021.3.20f1/Editor/Data/PlaybackEngines/WindowsStandaloneSupport/UnityEditor.WindowsStandalone.Extensions.dll
Registered in 0.008735 seconds.
Native extension for WindowsStandalone target not found
Refreshing native plugins compatible for Editor in 69.90 ms, found 8 plugins.
Preloading 0 native plugins for Editor in 0.00 ms.
Mono: successfully reloaded assembly
- Completed reload, in  0.604 seconds
Domain Reload Profiling:
	ReloadAssembly (605ms)
		BeginReloadAssembly (108ms)
			ExecutionOrderSort (0ms)
			DisableScriptedObjects (0ms)
			BackupInstance (0ms)
			ReleaseScriptingObjects (0ms)
			CreateAndSetChildDomain (1ms)
		EndReloadAssembly (380ms)
			LoadAssemblies (105ms)
			RebuildTransferFunctionScriptingTraits (0ms)
			SetupTypeCache (89ms)
			ReleaseScriptCaches (0ms)
			RebuildScriptCaches (23ms)
			SetupLoadedEditorAssemblies (225ms)
				LogAssemblyErrors (0ms)
				InitializePlatformSupportModulesInManaged (7ms)
				SetLoadedEditorAssemblies (0ms)
				RefreshPlugins (70ms)
				BeforeProcessingInitializeOnLoad (1ms)
				ProcessInitializeOnLoadAttributes (110ms)
				ProcessInitializeOnLoadMethodAttributes (36ms)
				AfterProcessingInitializeOnLoad (0ms)
				EditorAssembliesLoaded (0ms)
			ExecutionOrderSort2 (0ms)
			AwakeInstancesAfterBackupRestoration (0ms)
Platform modules already initialized, skipping
Registering precompiled user dll's ...
Registered in 0.008094 seconds.
Begin MonoManager ReloadAssembly
Native extension for WindowsStandalone target not found
Refreshing native plugins compatible for Editor in 76.45 ms, found 8 plugins.
Preloading 0 native plugins for Editor in 0.00 ms.
Package Manager log level set to [2]
Mono: successfully reloaded assembly
- Completed reload, in  1.205 seconds
Domain Reload Profiling:
	ReloadAssembly (1205ms)
		BeginReloadAssembly (97ms)
			ExecutionOrderSort (0ms)
			DisableScriptedObjects (5ms)
			BackupInstance (0ms)
			ReleaseScriptingObjects (0ms)
			CreateAndSetChildDomain (17ms)
		EndReloadAssembly (1025ms)
			LoadAssemblies (82ms)
			RebuildTransferFunctionScriptingTraits (0ms)
			SetupTypeCache (213ms)
			ReleaseScriptCaches (1ms)
			RebuildScriptCaches (70ms)
			SetupLoadedEditorAssemblies (628ms)
				LogAssemblyErrors (0ms)
				InitializePlatformSupportModulesInManaged (4ms)
				SetLoadedEditorAssemblies (0ms)
				RefreshPlugins (77ms)
				BeforeProcessingInitializeOnLoad (91ms)
				ProcessInitializeOnLoadAttributes (289ms)
				ProcessInitializeOnLoadMethodAttributes (161ms)
				AfterProcessingInitializeOnLoad (6ms)
				EditorAssembliesLoaded (0ms)
			ExecutionOrderSort2 (0ms)
			AwakeInstancesAfterBackupRestoration (5ms)
Platform modules already initialized, skipping
========================================================================
Worker process is ready to serve import requests
Launched and connected shader compiler UnityShaderCompiler.exe after 0.06 seconds
Refreshing native plugins compatible for Editor in 0.95 ms, found 8 plugins.
Preloading 0 native plugins for Editor in 0.00 ms.
Unloading 5175 Unused Serialized files (Serialized files now loaded: 0)
Unloading 73 unused Assets / (3.8 MB). Loaded Objects now: 5611.
Memory consumption went from 268.5 MB to 264.7 MB.
Total: 4.447700 ms (FindLiveObjects: 0.380700 ms CreateObjectMapping: 0.196800 ms MarkObjects: 3.276500 ms  DeleteObjects: 0.592500 ms)

AssetImportParameters requested are different than current active one (requested -> active):
  custom:video-decoder-ogg-theora: a1e56fd34408186e4bbccfd4996cb3dc -> 
  custom:container-muxer-webm: aa71ff27fc2769a1b78a27578f13a17b -> 
  custom:container-demuxer-webm: 4f35f7cbe854078d1ac9338744f61a02 -> 
  custom:video-encoder-webm-vp8: eb34c28f22e8b96e1ab97ce403110664 -> 
  custom:audio-encoder-webm-vorbis: bf7c407c2cedff20999df2af8eb42d56 -> 
  custom:framework-win-MediaFoundation: 216162199b28c13a410421893ffa2e32 -> 
  custom:container-demuxer-ogg: 62fdf1f143b41e24485cea50d1cbac27 -> 
  custom:video-decoder-webm-vp8: 9c59270c3fd7afecdb556c50c9e8de78 -> 
  custom:audio-decoder-ogg-vorbis: bf7c407c2cedff20999df2af8eb42d56 -> 
========================================================================
Received Import Request.
  Time since last request: 623208.972688 seconds.
  path: Assets/Material/hand/skin.mat
  artifactKey: Guid(959af210ffc85c74e9129f64b8b6127f) Importer(815301076,1909f56bfc062723c751e8b465ee728b)
Start importing Assets/Material/hand/skin.mat using Guid(959af210ffc85c74e9129f64b8b6127f) Importer(815301076,1909f56bfc062723c751e8b465ee728b) The asset at  has been scheduled for reimport during the Refresh loop and Loading of it has been attempted.
Doing this can lead to the AssetDatabase returning two versions of the same asset.
Please ensure that code which attempts to reimport this asset does not run while the editor is Refreshing.
You can do so by checking the value of EditorApplication.isUpdating
Tried select unknown importer for id '-2' '00000000000000000000000000000000'
The asset at  has been scheduled for reimport during the Refresh loop and Loading of it has been attempted.
Doing this can lead to the AssetDatabase returning two versions of the same asset.
Please ensure that code which attempts to reimport this asset does not run while the editor is Refreshing.
You can do so by checking the value of EditorApplication.isUpdating
Tried select unknown importer for id '-2' '00000000000000000000000000000000'
 -> (artifact id: 'bf61c6fe5ef5694145d77798856b8716') in 0.805772 seconds 
========================================================================
Received Import Request.
  Time since last request: 11.165391 seconds.
  path: Assets/Material/baking/ducts.mat
  artifactKey: Guid(b49620cd91c8dfa44b15ee3b83a2faec) Importer(815301076,1909f56bfc062723c751e8b465ee728b)
Start importing Assets/Material/baking/ducts.mat using Guid(b49620cd91c8dfa44b15ee3b83a2faec) Importer(815301076,1909f56bfc062723c751e8b465ee728b)  -> (artifact id: '8afd129fc17c7b8fdd90ce1477de0ffc') in 0.038609 seconds 
========================================================================
Received Import Request.
  Time since last request: 0.650891 seconds.
  path: Assets/Material/extracted/-aqua.mat
  artifactKey: Guid(3511ec15838f9a844aa758e65ed11b6a) Importer(815301076,1909f56bfc062723c751e8b465ee728b)
Start importing Assets/Material/extracted/-aqua.mat using Guid(3511ec15838f9a844aa758e65ed11b6a) Importer(815301076,1909f56bfc062723c751e8b465ee728b)  -> (artifact id: 'f4092aec0fec0f1865ad03c5312aa0a5') in 0.050683 seconds 
========================================================================
Received Import Request.
  Time since last request: 1.009737 seconds.
  path: Assets/Material/interactive/lightpass.mat
  artifactKey: Guid(34130687462d00544bfa3d952331e430) Importer(815301076,1909f56bfc062723c751e8b465ee728b)
Start importing Assets/Material/interactive/lightpass.mat using Guid(34130687462d00544bfa3d952331e430) Importer(815301076,1909f56bfc062723c751e8b465ee728b)  -> (artifact id: '924c829af5381899c6d5a9c281e7b10d') in 0.019370 seconds 
========================================================================
Received Import Request.
  Time since last request: 9.265400 seconds.
  path: Assets/Material/screen2.mat
  artifactKey: Guid(c1d7e142cc8864547a832f31cec863e7) Importer(815301076,1909f56bfc062723c751e8b465ee728b)
Start importing Assets/Material/screen2.mat using Guid(c1d7e142cc8864547a832f31cec863e7) Importer(815301076,1909f56bfc062723c751e8b465ee728b)  -> (artifact id: '13eaf1f661b13a81f94fc16bfb01a3c2') in 0.042102 seconds 
========================================================================
Received Import Request.
  Time since last request: 0.000050 seconds.
  path: Assets/Material/walkway.mat
  artifactKey: Guid(ad1b8e08de789684aa49a88bbec2d798) Importer(815301076,1909f56bfc062723c751e8b465ee728b)
Start importing Assets/Material/walkway.mat using Guid(ad1b8e08de789684aa49a88bbec2d798) Importer(815301076,1909f56bfc062723c751e8b465ee728b)  -> (artifact id: '99db6164a8d6733f2baa9a57e0f4d646') in 0.045178 seconds 
========================================================================
Received Import Request.
  Time since last request: 0.000082 seconds.
  path: Assets/Material/white.mat
  artifactKey: Guid(81249e3491165e344ae6e5e38391be68) Importer(815301076,1909f56bfc062723c751e8b465ee728b)
Start importing Assets/Material/white.mat using Guid(81249e3491165e344ae6e5e38391be68) Importer(815301076,1909f56bfc062723c751e8b465ee728b)  -> (artifact id: 'cbf8ac0b975f303b21c35980fa573f13') in 0.058569 seconds 
========================================================================
Received Import Request.
  Time since last request: 0.000069 seconds.
  path: Assets/Material/white wall.mat
  artifactKey: Guid(53303b9aaaffb6c448a5495d3cc5c1cf) Importer(815301076,1909f56bfc062723c751e8b465ee728b)
Start importing Assets/Material/white wall.mat using Guid(53303b9aaaffb6c448a5495d3cc5c1cf) Importer(815301076,1909f56bfc062723c751e8b465ee728b)  -> (artifact id: '0b86b140dbb8f54aea4e7062711cc906') in 0.043428 seconds 
========================================================================
Received Import Request.
  Time since last request: 0.000153 seconds.
  path: Assets/Material/wood shelf.mat
  artifactKey: Guid(7492f5690458d6342aa70a6497354c70) Importer(815301076,1909f56bfc062723c751e8b465ee728b)
Start importing Assets/Material/wood shelf.mat using Guid(7492f5690458d6342aa70a6497354c70) Importer(815301076,1909f56bfc062723c751e8b465ee728b)  -> (artifact id: '689a58b5970fb492b45db62298aa1908') in 0.037097 seconds 
========================================================================
Received Import Request.
  Time since last request: 6.320761 seconds.
  path: Assets/Model/leftHand.blend
  artifactKey: Guid(97987f26d90a53042a71f60d744fb824) Importer(815301076,1909f56bfc062723c751e8b465ee728b)
Start importing Assets/Model/leftHand.blend using Guid(97987f26d90a53042a71f60d744fb824) Importer(815301076,1909f56bfc062723c751e8b465ee728b)  -> (artifact id: '92ed66c9e6f38785d3875f10b92f1790') in 0.112236 seconds 
========================================================================
Received Import Request.
  Time since last request: 58.157099 seconds.
  path: Assets/Resources/Audio
  artifactKey: Guid(e72e69c600fd155449ca4d6525c374a4) Importer(815301076,1909f56bfc062723c751e8b465ee728b)
Start importing Assets/Resources/Audio using Guid(e72e69c600fd155449ca4d6525c374a4) Importer(815301076,1909f56bfc062723c751e8b465ee728b)  -> (artifact id: 'fe4b3a0e684fba32350a3c481831bc38') in 0.004366 seconds 
========================================================================
Received Import Request.
  Time since last request: 0.071968 seconds.
  path: Assets/Resources/Audio/Latch.mp3
  artifactKey: Guid(bbc64ceaed7a88d418a2ec0d2c270e5a) Importer(815301076,1909f56bfc062723c751e8b465ee728b)
Start importing Assets/Resources/Audio/Latch.mp3 using Guid(bbc64ceaed7a88d418a2ec0d2c270e5a) Importer(815301076,1909f56bfc062723c751e8b465ee728b)  -> (artifact id: '4a00aaca33d278c2c85ef5c2577cfd00') in 0.054326 seconds 
========================================================================
Received Import Request.
  Time since last request: 94.741135 seconds.
  path: Assets/Scripts/MainScript.cs
  artifactKey: Guid(a31228cd469c0234bb7c511316b1faff) Importer(815301076,1909f56bfc062723c751e8b465ee728b)
Start importing Assets/Scripts/MainScript.cs using Guid(a31228cd469c0234bb7c511316b1faff) Importer(815301076,1909f56bfc062723c751e8b465ee728b)  -> (artifact id: '4daabf0b1d14c10cf8a4c727e9a042ae') in 0.007453 seconds 
========================================================================
Received Import Request.
  Time since last request: 64.078749 seconds.
  path: Assets/Scripts/MainScript.cs
  artifactKey: Guid(a31228cd469c0234bb7c511316b1faff) Importer(815301076,1909f56bfc062723c751e8b465ee728b)
Start importing Assets/Scripts/MainScript.cs using Guid(a31228cd469c0234bb7c511316b1faff) Importer(815301076,1909f56bfc062723c751e8b465ee728b)  -> (artifact id: '2456b15d364219c0ec7477a7f3ef3762') in 0.004507 seconds 
========================================================================
Received Prepare
Registering precompiled user dll's ...
Registered in 0.009000 seconds.
Begin MonoManager ReloadAssembly
Native extension for WindowsStandalone target not found
Refreshing native plugins compatible for Editor in 1.04 ms, found 8 plugins.
Preloading 0 native plugins for Editor in 0.00 ms.
Mono: successfully reloaded assembly
- Completed reload, in  1.241 seconds
Domain Reload Profiling:
	ReloadAssembly (1241ms)
		BeginReloadAssembly (204ms)
			ExecutionOrderSort (0ms)
			DisableScriptedObjects (27ms)
			BackupInstance (0ms)
			ReleaseScriptingObjects (0ms)
			CreateAndSetChildDomain (67ms)
		EndReloadAssembly (941ms)
			LoadAssemblies (99ms)
			RebuildTransferFunctionScriptingTraits (0ms)
			SetupTypeCache (242ms)
			ReleaseScriptCaches (2ms)
			RebuildScriptCaches (61ms)
			SetupLoadedEditorAssemblies (412ms)
				LogAssemblyErrors (0ms)
				InitializePlatformSupportModulesInManaged (5ms)
				SetLoadedEditorAssemblies (0ms)
				RefreshPlugins (1ms)
				BeforeProcessingInitializeOnLoad (73ms)
				ProcessInitializeOnLoadAttributes (296ms)
				ProcessInitializeOnLoadMethodAttributes (29ms)
				AfterProcessingInitializeOnLoad (7ms)
				EditorAssembliesLoaded (0ms)
			ExecutionOrderSort2 (0ms)
			AwakeInstancesAfterBackupRestoration (33ms)
Platform modules already initialized, skipping
Refreshing native plugins compatible for Editor in 4.62 ms, found 8 plugins.
Preloading 0 native plugins for Editor in 0.00 ms.
Unloading 4859 Unused Serialized files (Serialized files now loaded: 0)
Unloading 63 unused Assets / (3.8 MB). Loaded Objects now: 5770.
Memory consumption went from 271.8 MB to 268.0 MB.
Total: 3.856000 ms (FindLiveObjects: 0.364600 ms CreateObjectMapping: 0.201800 ms MarkObjects: 2.680200 ms  DeleteObjects: 0.607900 ms)

AssetImportParameters requested are different than current active one (requested -> active):
  custom:video-decoder-ogg-theora: a1e56fd34408186e4bbccfd4996cb3dc -> 
  custom:container-muxer-webm: aa71ff27fc2769a1b78a27578f13a17b -> 
  custom:container-demuxer-webm: 4f35f7cbe854078d1ac9338744f61a02 -> 
  custom:video-encoder-webm-vp8: eb34c28f22e8b96e1ab97ce403110664 -> 
  custom:audio-encoder-webm-vorbis: bf7c407c2cedff20999df2af8eb42d56 -> 
  custom:framework-win-MediaFoundation: 216162199b28c13a410421893ffa2e32 -> 
  custom:container-demuxer-ogg: 62fdf1f143b41e24485cea50d1cbac27 -> 
  custom:video-decoder-webm-vp8: 9c59270c3fd7afecdb556c50c9e8de78 -> 
  custom:audio-decoder-ogg-vorbis: bf7c407c2cedff20999df2af8eb42d56 -> 
